-------------------------------------------------------------------------------
Test set: com.luis.AppTest
-------------------------------------------------------------------------------
Tests run: 1, Failures: 1, Errors: 0, Skipped: 0, Time elapsed: 0.037 s <<< FAILURE! - in com.luis.AppTest
shouldAnswerWithTrue(com.luis.AppTest)  Time elapsed: 0.006 s  <<< FAILURE!
java.lang.AssertionError
	at com.luis.AppTest.shouldAnswerWithTrue(AppTest.java:18)

